

Version:	3.50
CmdLine:	C:\Users\luiz.silva\Downloads\Automação project.sikuli\app\Autopreguiça2.1.exe --l4j-debug
JNI:		No
WOW64:		Yes
Working dir:	C:\Users\luiz.silva\Downloads\Automação project.sikuli\app\.
Requires JDK:	No
Requires 64-Bit: No
Java min ver:	
Java max ver:	
JRE paths:	jre_custom
Check launcher:	C:\Users\luiz.silva\Downloads\Automação project.sikuli\app\jre_custom\bin\javaw.exe (not found)
Error msg:	This application requires a Java Runtime Environment.


Version:	3.50
CmdLine:	C:\Users\luiz.silva\Downloads\Automação project.sikuli\app\Autopreguiça2.1.exe --l4j-debug
JNI:		No
WOW64:		Yes
Working dir:	C:\Users\luiz.silva\Downloads\Automação project.sikuli\app\.
Requires JDK:	No
Requires 64-Bit: No
Java min ver:	
Java max ver:	
JRE paths:	jre_custom
Check launcher:	C:\Users\luiz.silva\Downloads\Automação project.sikuli\app\jre_custom\bin\javaw.exe (not found)
Error msg:	This application requires a Java Runtime Environment.


Version:	3.50
CmdLine:	C:\Users\luiz.silva\Downloads\Automação project.sikuli\app\Autopreguiça2.1.exe --l4j-debug
JNI:		No
WOW64:		Yes
Working dir:	C:\Users\luiz.silva\Downloads\Automação project.sikuli\app\.
Requires JDK:	No
Requires 64-Bit: No
Java min ver:	
Java max ver:	
JRE paths:	jre_custo
Check launcher:	C:\Users\luiz.silva\Downloads\Automação project.sikuli\app\jre_custo\bin\javaw.exe (not found)
Error msg:	This application requires a Java Runtime Environment.


Version:	3.50
CmdLine:	C:\Users\luiz.silva\Downloads\Automação project.sikuli\app\Autopreguiça2.1.exe --l4j-debug
JNI:		No
WOW64:		Yes
Working dir:	C:\Users\luiz.silva\Downloads\Automação project.sikuli\app\.
Requires JDK:	No
Requires 64-Bit: No
Java min ver:	
Java max ver:	
JRE paths:	jre_custom
Check launcher:	C:\Users\luiz.silva\Downloads\Automação project.sikuli\app\jre_custom\bin\javaw.exe (not found)
Error msg:	This application requires a Java Runtime Environment.


Version:	3.50
CmdLine:	C:\Users\luiz.silva\Downloads\Automação project.sikuli\app\Autopreguiça2.1.exe --l4j-debug
JNI:		No
WOW64:		Yes
Working dir:	C:\Users\luiz.silva\Downloads\Automação project.sikuli\app\.
Requires JDK:	No
Requires 64-Bit: No
Java min ver:	
Java max ver:	
JRE paths:	jre_custom
Check launcher:	C:\Users\luiz.silva\Downloads\Automação project.sikuli\app\jre_custom\bin\javaw.exe (not found)
Error msg:	This application requires a Java Runtime Environment.


Version:	3.50
CmdLine:	C:\Users\luiz.silva\Downloads\Automação project.sikuli\app\Autopreguiça2.1.exe --l4j-debug
JNI:		No
WOW64:		Yes
Working dir:	C:\Users\luiz.silva\Downloads\Automação project.sikuli\app\.
Requires JDK:	No
Requires 64-Bit: No
Java min ver:	
Java max ver:	
JRE paths:	jre_custom
Check launcher:	C:\Users\luiz.silva\Downloads\Automação project.sikuli\app\jre_custom\bin\javaw.exe (not found)
Error msg:	This application requires a Java Runtime Environment.


Version:	3.50
CmdLine:	C:\Users\luiz.silva\Downloads\Automação project.sikuli\app\Autopreguiça2.1.exe --l4j-debug
JNI:		No
WOW64:		Yes
Working dir:	C:\Users\luiz.silva\Downloads\Automação project.sikuli\app\.
Requires JDK:	No
Requires 64-Bit: No
Java min ver:	
Java max ver:	
JRE paths:	jre_custo
Check launcher:	C:\Users\luiz.silva\Downloads\Automação project.sikuli\app\jre_custo\bin\javaw.exe (not found)
Error msg:	This application requires a Java Runtime Environment.


Version:	3.50
CmdLine:	C:\Users\luiz.silva\Downloads\Automação project.sikuli\app\Autopreguiça2.1.exe --l4j-debug
JNI:		No
WOW64:		Yes
Working dir:	C:\Users\luiz.silva\Downloads\Automação project.sikuli\app\.
Requires JDK:	No
Requires 64-Bit: No
Java min ver:	
Java max ver:	
JRE paths:	jre_custo
Check launcher:	C:\Users\luiz.silva\Downloads\Automação project.sikuli\app\jre_custo\bin\javaw.exe (not found)
Error msg:	This application requires a Java Runtime Environment.


Version:	3.50
CmdLine:	C:\Users\luiz.silva\Downloads\Automação project.sikuli\app\Autopreguiça2.1.exe --l4j-debug
JNI:		No
WOW64:		Yes
Working dir:	C:\Users\luiz.silva\Downloads\Automação project.sikuli\app\.
Requires JDK:	No
Requires 64-Bit: No
Java min ver:	
Java max ver:	
JRE paths:	jre_custo
Check launcher:	C:\Users\luiz.silva\Downloads\Automação project.sikuli\app\jre_custo\bin\javaw.exe (not found)
Error msg:	This application requires a Java Runtime Environment.


Version:	3.50
CmdLine:	C:\Users\luiz.silva\Downloads\Automação project.sikuli\app\Autopreguiça2.1.exe --l4j-debug
JNI:		No
WOW64:		Yes
Working dir:	C:\Users\luiz.silva\Downloads\Automação project.sikuli\app\.
Requires JDK:	No
Requires 64-Bit: No
Java min ver:	
Java max ver:	
JRE paths:	jre_custo
Check launcher:	C:\Users\luiz.silva\Downloads\Automação project.sikuli\app\jre_custo\bin\javaw.exe (not found)
Error msg:	This application requires a Java Runtime Environment.


Version:	3.50
CmdLine:	C:\Users\luiz.silva\Downloads\Automação project.sikuli\app\Autopreguiça2.1.exe --l4j-debug
JNI:		No
WOW64:		Yes
Working dir:	C:\Users\luiz.silva\Downloads\Automação project.sikuli\app\.
Requires JDK:	No
Requires 64-Bit: No
Java min ver:	
Java max ver:	
JRE paths:	jre_custo
Check launcher:	C:\Users\luiz.silva\Downloads\Automação project.sikuli\app\jre_custo\bin\javaw.exe (not found)
Error msg:	This application requires a Java Runtime Environment.
